Using pre-set license
Built from '2023.2/staging' branch; Version is '2023.2.5f1 (381b4941466e) revision 3677001'; Using compiler version '193431935'; Build Type 'Release'
OS: 'Windows 10  (10.0.19045) 64bit Education' Language: 'en' Physical Memory: 16309 MB
BatchMode: 1, IsHumanControllingUs: 0, StartBugReporterOnCrash: 0, Is64bit: 1, IsPro: 1

COMMAND LINE ARGUMENTS:
C:\Program Files\Unity\Hub\Editor\2023.2.5f1\Editor\Unity.exe
-adb2
-batchMode
-noUpm
-name
AssetImportWorker6
-projectPath
C:/Users/542353/Real3rdProject
-logFile
Logs/AssetImportWorker6.log
-srvPort
60961
-job-worker-count
5
-background-job-worker-count
8
-asset-garbage-collectors
1
Successfully changed project path to: C:/Users/542353/Real3rdProject
C:/Users/542353/Real3rdProject
[UnityMemory] Configuration Parameters - Can be set up in boot.config
    "memorysetup-bucket-allocator-granularity=16"
    "memorysetup-bucket-allocator-bucket-count=8"
    "memorysetup-bucket-allocator-block-size=33554432"
    "memorysetup-bucket-allocator-block-count=8"
    "memorysetup-main-allocator-block-size=16777216"
    "memorysetup-thread-allocator-block-size=16777216"
    "memorysetup-gfx-main-allocator-block-size=16777216"
    "memorysetup-gfx-thread-allocator-block-size=16777216"
    "memorysetup-cache-allocator-block-size=4194304"
    "memorysetup-typetree-allocator-block-size=2097152"
    "memorysetup-profiler-bucket-allocator-granularity=16"
    "memorysetup-profiler-bucket-allocator-bucket-count=8"
    "memorysetup-profiler-bucket-allocator-block-size=33554432"
    "memorysetup-profiler-bucket-allocator-block-count=8"
    "memorysetup-profiler-allocator-block-size=16777216"
    "memorysetup-profiler-editor-allocator-block-size=1048576"
    "memorysetup-temp-allocator-size-main=16777216"
    "memorysetup-job-temp-allocator-block-size=2097152"
    "memorysetup-job-temp-allocator-block-size-background=1048576"
    "memorysetup-job-temp-allocator-reduction-small-platforms=262144"
    "memorysetup-allocator-temp-initial-block-size-main=262144"
    "memorysetup-allocator-temp-initial-block-size-worker=262144"
    "memorysetup-temp-allocator-size-background-worker=32768"
    "memorysetup-temp-allocator-size-job-worker=262144"
    "memorysetup-temp-allocator-size-preload-manager=33554432"
    "memorysetup-temp-allocator-size-nav-mesh-worker=65536"
    "memorysetup-temp-allocator-size-audio-worker=65536"
    "memorysetup-temp-allocator-size-cloud-worker=32768"
    "memorysetup-temp-allocator-size-gi-baking-worker=262144"
    "memorysetup-temp-allocator-size-gi-baking-worker=262144"
    "memorysetup-temp-allocator-size-gi-baking-worker=262144"
    "memorysetup-temp-allocator-size-gi-baking-worker=262144"
    "memorysetup-temp-allocator-size-gfx=262144"
Player connection [11640] Host "[IP] 172.27.172.149 [Port] 0 [Flags] 2 [Guid] 244610037 [EditorId] 244610037 [Version] 1048832 [Id] WindowsEditor(7,L-CB346-21269) [Debug] 1 [PackageName] WindowsEditor [ProjectName] Editor" joined multi-casting on [225.0.0.222:54997]...
Player connection [11640] Host "[IP] 172.27.172.149 [Port] 0 [Flags] 2 [Guid] 244610037 [EditorId] 244610037 [Version] 1048832 [Id] WindowsEditor(7,L-CB346-21269) [Debug] 1 [PackageName] WindowsEditor [ProjectName] Editor" joined alternative multi-casting on [225.0.0.222:34997]...
JobSystem: Creating JobQueue using job-worker-count value 5
[Physics::Module] Initialized MultithreadedJobDispatcher with 5 workers.
Library Redirect Path: Library/
Refreshing native plugins compatible for Editor in 2.60 ms, found 3 plugins.
Preloading 0 native plugins for Editor in 0.00 ms.
Initialize engine version: 2023.2.5f1 (381b4941466e)
[Subsystems] Discovering subsystems at path C:/Program Files/Unity/Hub/Editor/2023.2.5f1/Editor/Data/Resources/UnitySubsystems
[Subsystems] Discovering subsystems at path C:/Users/542353/Real3rdProject/Assets
GfxDevice: creating device client; kGfxThreadingModeNonThreaded
Direct3D:
    Version:  Direct3D 11.0 [level 11.1]
    Renderer: NVIDIA GeForce GTX 1650 (ID=0x2188)
    Vendor:   NVIDIA
    VRAM:     3949 MB
    Driver:   31.0.15.3758
Initialize mono
Mono path[0] = 'C:/Program Files/Unity/Hub/Editor/2023.2.5f1/Editor/Data/Managed'
Mono path[1] = 'C:/Program Files/Unity/Hub/Editor/2023.2.5f1/Editor/Data/MonoBleedingEdge/lib/mono/unityjit-win32'
Mono config path = 'C:/Program Files/Unity/Hub/Editor/2023.2.5f1/Editor/Data/MonoBleedingEdge/etc'
Using monoOptions --debugger-agent=transport=dt_socket,embedding=1,server=y,suspend=n,address=127.0.0.1:56628
Begin MonoManager ReloadAssembly
C:\build\output\Unity-Technologies\mono\mono\metadata\icall.c:1842:
C:\build\output\Unity-Technologies\mono\mono\metadata\icall.c:1842:
C:\build\output\Unity-Technologies\mono\mono\metadata\icall.c:1842:
C:\build\output\Unity-Technologies\mono\mono\metadata\icall.c:1842:
C:\build\output\Unity-Technologies\mono\mono\metadata\icall.c:1842:
C:\build\output\Unity-Technologies\mono\mono\metadata\icall.c:1842:
C:\build\output\Unity-Technologies\mono\mono\metadata\icall.c:1842:
C:\build\output\Unity-Technologies\mono\mono\metadata\icall.c:1842:
C:\build\output\Unity-Technologies\mono\mono\metadata\icall.c:1842:
C:\build\output\Unity-Technologies\mono\mono\metadata\icall.c:1842:
Registering precompiled unity dll's ...
Register platform support module: C:/Program Files/Unity/Hub/Editor/2023.2.5f1/Editor/Data/PlaybackEngines/WebGLSupport/UnityEditor.WebGL.Extensions.dll
Register platform support module: C:/Program Files/Unity/Hub/Editor/2023.2.5f1/Editor/Data/PlaybackEngines/WindowsStandaloneSupport/UnityEditor.WindowsStandalone.Extensions.dll
Registered in 0.011391 seconds.
- Loaded All Assemblies, in  0.746 seconds
Native extension for WindowsStandalone target not found
Native extension for WebGL target not found
Mono: successfully reloaded assembly
C:\build\output\Unity-Technologies\mono\mono\metadata\icall.c:1842:
C:\build\output\Unity-Technologies\mono\mono\metadata\icall.c:1842:
- Finished resetting the current domain, in  0.673 seconds
Domain Reload Profiling: 1410ms
	BeginReloadAssembly (259ms)
		ExecutionOrderSort (0ms)
		DisableScriptedObjects (0ms)
		BackupInstance (0ms)
		ReleaseScriptingObjects (0ms)
		CreateAndSetChildDomain (1ms)
	RebuildCommonClasses (66ms)
	RebuildNativeTypeToScriptingClass (21ms)
	initialDomainReloadingComplete (101ms)
	LoadAllAssembliesAndSetupDomain (289ms)
		LoadAssemblies (248ms)
		RebuildTransferFunctionScriptingTraits (0ms)
		AnalyzeDomain (285ms)
			TypeCache.Refresh (283ms)
				TypeCache.ScanAssembly (261ms)
			BuildScriptInfoCaches (0ms)
			ResolveRequiredComponents (1ms)
	FinalizeReload (673ms)
		ReleaseScriptCaches (0ms)
		RebuildScriptCaches (0ms)
		SetupLoadedEditorAssemblies (567ms)
			LogAssemblyErrors (0ms)
			InitializePlatformSupportModulesInManaged (21ms)
			SetLoadedEditorAssemblies (13ms)
			BeforeProcessingInitializeOnLoad (13ms)
			ProcessInitializeOnLoadAttributes (438ms)
			ProcessInitializeOnLoadMethodAttributes (83ms)
			AfterProcessingInitializeOnLoad (0ms)
			EditorAssembliesLoaded (0ms)
		ExecutionOrderSort2 (0ms)
		AwakeInstancesAfterBackupRestoration (0ms)
========================================================================
Worker process is ready to serve import requests
Import Worker Mode flag is 0x00
Begin MonoManager ReloadAssembly
C:\build\output\Unity-Technologies\mono\mono\metadata\icall.c:1842:
C:\build\output\Unity-Technologies\mono\mono\metadata\icall.c:1842:
C:\build\output\Unity-Technologies\mono\mono\metadata\icall.c:1842:
C:\build\output\Unity-Technologies\mono\mono\metadata\icall.c:1842:
C:\build\output\Unity-Technologies\mono\mono\metadata\icall.c:1842:
C:\build\output\Unity-Technologies\mono\mono\metadata\icall.c:1842:
C:\build\output\Unity-Technologies\mono\mono\metadata\icall.c:1842:
C:\build\output\Unity-Technologies\mono\mono\metadata\icall.c:1842:
C:\build\output\Unity-Technologies\mono\mono\metadata\icall.c:1842:
C:\build\output\Unity-Technologies\mono\mono\metadata\icall.c:1842:
C:\build\output\Unity-Technologies\mono\mono\metadata\icall.c:1842:
C:\build\output\Unity-Technologies\mono\mono\metadata\icall.c:1842:
Symbol file LoadedFromMemory doesn't match image C:\Users\542353\Real3rdProject\Library\PackageCache\com.unity.visualscripting@1.8.0\Editor\VisualScripting.Core\Dependencies\YamlDotNet\Unity.VisualScripting.YamlDotNet.dll
Symbol file LoadedFromMemory doesn't match image C:\Users\542353\Real3rdProject\Library\PackageCache\com.unity.visualscripting@1.8.0\Editor\VisualScripting.Core\Dependencies\DotNetZip\Unity.VisualScripting.IonicZip.dll
- Loaded All Assemblies, in  1.908 seconds
Refreshing native plugins compatible for Editor in 1.77 ms, found 3 plugins.
Native extension for WindowsStandalone target not found
Native extension for WebGL target not found
System.Exception: Error! Visual Scripting: couldn't find visual scripting package
  at Unity.VisualScripting.PackageVersionUtility.get_version () [0x00043] in .\Library\PackageCache\com.unity.visualscripting@1.8.0\Editor\VisualScripting.Core\Utilities\PackageVersionUtility.cs:31 
  at Unity.VisualScripting.BoltCoreManifest.get_version () [0x00000] in .\Library\PackageCache\com.unity.visualscripting@1.8.0\Editor\VisualScripting.Core\Plugin\BoltCoreManifest.cs:11 
  at Unity.VisualScripting.PluginManifest.get_currentVersion () [0x00000] in .\Library\PackageCache\com.unity.visualscripting@1.8.0\Editor\VisualScripting.Core\Plugins\PluginManifest.cs:33 
  at Unity.VisualScripting.PluginManifest.get_versionMismatch () [0x00000] in .\Library\PackageCache\com.unity.visualscripting@1.8.0\Editor\VisualScripting.Core\Plugins\PluginManifest.cs:48 
  at Unity.VisualScripting.PluginContainer.Initialize () [0x00525] in .\Library\PackageCache\com.unity.visualscripting@1.8.0\Editor\VisualScripting.Core\Plugins\PluginContainer.cs:208 
  at Unity.VisualScripting.PluginContainer.InitializeOnLoad () [0x00009] in .\Library\PackageCache\com.unity.visualscripting@1.8.0\Editor\VisualScripting.Core\Plugins\PluginContainer.cs:32 
  at Unity.VisualScripting.VSUsageUtility.DoInitializeOnLoadCalls () [0x00034] in .\Library\PackageCache\com.unity.visualscripting@1.8.0\Editor\VisualScripting.Core\Utilities\VSUsageUtility.cs:76 
  at Unity.VisualScripting.VSUsageUtility.set_isVisualScriptingUsed (System.Boolean value) [0x0002c] in .\Library\PackageCache\com.unity.visualscripting@1.8.0\Editor\VisualScripting.Core\Utilities\VSUsageUtility.cs:114 
  at Unity.VisualScripting.VSUsageUtility.CheckAndSetIsVisualScriptingUsed () [0x00032] in .\Library\PackageCache\com.unity.visualscripting@1.8.0\Editor\VisualScripting.Core\Utilities\VSUsageUtility.cs:48 
  at Unity.VisualScripting.VSUsageUtility..cctor () [0x00000] in .\Library\PackageCache\com.unity.visualscripting@1.8.0\Editor\VisualScripting.Core\Utilities\VSUsageUtility.cs:22 
UnityEngine.Debug:ExtractStackTraceNoAlloc (byte*,int,string)
UnityEngine.StackTraceUtility:ExtractStackTrace ()
UnityEngine.DebugLogHandler:Internal_Log (UnityEngine.LogType,UnityEngine.LogOption,string,UnityEngine.Object)
UnityEngine.DebugLogHandler:LogFormat (UnityEngine.LogType,UnityEngine.Object,string,object[])
UnityEngine.Logger:Log (UnityEngine.LogType,object)
UnityEngine.Debug:LogError (object)
UnityEditor.EditorAssemblies:ProcessInitializeOnLoadAttributes (System.Type[])

Mono: successfully reloaded assembly
- Finished resetting the current domain, in  2.972 seconds
Domain Reload Profiling: 4861ms
	BeginReloadAssembly (604ms)
		ExecutionOrderSort (0ms)
		DisableScriptedObjects (9ms)
		BackupInstance (0ms)
		ReleaseScriptingObjects (0ms)
		CreateAndSetChildDomain (66ms)
	RebuildCommonClasses (66ms)
	RebuildNativeTypeToScriptingClass (21ms)
	initialDomainReloadingComplete (77ms)
	LoadAllAssembliesAndSetupDomain (1122ms)
		LoadAssemblies (819ms)
		RebuildTransferFunctionScriptingTraits (0ms)
		AnalyzeDomain (497ms)
			TypeCache.Refresh (403ms)
				TypeCache.ScanAssembly (343ms)
			BuildScriptInfoCaches (60ms)
			ResolveRequiredComponents (27ms)
	FinalizeReload (2972ms)
		ReleaseScriptCaches (0ms)
		RebuildScriptCaches (0ms)
		SetupLoadedEditorAssemblies (2564ms)
			LogAssemblyErrors (0ms)
			InitializePlatformSupportModulesInManaged (4ms)
			SetLoadedEditorAssemblies (6ms)
			BeforeProcessingInitializeOnLoad (211ms)
			ProcessInitializeOnLoadAttributes (2251ms)
			ProcessInitializeOnLoadMethodAttributes (64ms)
			AfterProcessingInitializeOnLoad (27ms)
			EditorAssembliesLoaded (0ms)
		ExecutionOrderSort2 (0ms)
		AwakeInstancesAfterBackupRestoration (9ms)
Launched and connected shader compiler UnityShaderCompiler.exe after 0.10 seconds
Refreshing native plugins compatible for Editor in 1.34 ms, found 3 plugins.
Preloading 0 native plugins for Editor in 0.00 ms.
Unloading 131 Unused Serialized files (Serialized files now loaded: 0)
Unloading 5422 unused Assets / (2.8 MB). Loaded Objects now: 6051.
Memory consumption went from 175.5 MB to 172.7 MB.
Total: 63.635400 ms (FindLiveObjects: 1.406200 ms CreateObjectMapping: 0.766600 ms MarkObjects: 23.198800 ms  DeleteObjects: 38.261600 ms)

========================================================================
Received Import Request.
  Time since last request: 79921.645628 seconds.
  path: Assets/Laterns and candles/textures/LampPost [Specular].tif
  artifactKey: Guid(cc4b2301e9c21ca478bce007107b42d5) Importer(2089858483,192608db42251d675da83286b1cce702)
Start importing Assets/Laterns and candles/textures/LampPost [Specular].tif using Guid(cc4b2301e9c21ca478bce007107b42d5) Importer(2089858483,192608db42251d675da83286b1cce702) (ScriptedImporter)Generated GUIDs only implemented for interfaces!
 -> (artifact id: '7e23ab77496362396a3173c3993c7866') in 0.6649408 seconds
Number of updated asset objects reloaded before import = 0Number of asset objects unloaded after import = 1

========================================================================
Received Import Request.
  Time since last request: 0.014055 seconds.
  path: Assets/Laterns and candles/Prefabs/ceiling chain.prefab
  artifactKey: Guid(24b4d8ad04155c244b2b776c5532e76f) Importer(2089858483,3d70f49cd1c2eb9ae422958d1c652c6b)
Start importing Assets/Laterns and candles/Prefabs/ceiling chain.prefab using Guid(24b4d8ad04155c244b2b776c5532e76f) Importer(2089858483,3d70f49cd1c2eb9ae422958d1c652c6b) (ScriptedImporter)Generated GUIDs only implemented for interfaces!
 -> (artifact id: '73c8c98db738d61e8fdcab2b9e095655') in 0.0727368 seconds
Number of updated asset objects reloaded before import = 0Number of asset objects unloaded after import = 100

========================================================================
Received Import Request.
  Time since last request: 0.000027 seconds.
  path: Assets/MedievalTavernPack/Prefabs/Architecture/Door_02.prefab
  artifactKey: Guid(74c136b93440e134eb65c82bc6417f6a) Importer(2089858483,192608db42251d675da83286b1cce702)
Start importing Assets/MedievalTavernPack/Prefabs/Architecture/Door_02.prefab using Guid(74c136b93440e134eb65c82bc6417f6a) Importer(2089858483,192608db42251d675da83286b1cce702) (ScriptedImporter)Generated GUIDs only implemented for interfaces!
 -> (artifact id: 'd18ad7f969bca4e711f27701085a8908') in 0.100704 seconds
Number of updated asset objects reloaded before import = 0Number of asset objects unloaded after import = 10

========================================================================
Received Import Request.
  Time since last request: 0.000029 seconds.
  path: Assets/MedievalTavernPack/Prefabs/Ornaments/Barrel_01.prefab
  artifactKey: Guid(a25cff517260cd94f9ab8334e85b125a) Importer(2089858483,3d70f49cd1c2eb9ae422958d1c652c6b)
Start importing Assets/MedievalTavernPack/Prefabs/Ornaments/Barrel_01.prefab using Guid(a25cff517260cd94f9ab8334e85b125a) Importer(2089858483,3d70f49cd1c2eb9ae422958d1c652c6b) (ScriptedImporter)Generated GUIDs only implemented for interfaces!
 -> (artifact id: '24e16bc8083c0d05b0c61d73ac5353a9') in 0.0552181 seconds
Number of updated asset objects reloaded before import = 0Number of asset objects unloaded after import = 10

========================================================================
Received Import Request.
  Time since last request: 0.018436 seconds.
  path: Assets/scripts/cameramover.cs
  artifactKey: Guid(0a84743a69aca2d4683c3139ec3a7819) Importer(2089858483,192608db42251d675da83286b1cce702)
Start importing Assets/scripts/cameramover.cs using Guid(0a84743a69aca2d4683c3139ec3a7819) Importer(2089858483,192608db42251d675da83286b1cce702) (ScriptedImporter)Generated GUIDs only implemented for interfaces!
 -> (artifact id: '01174f03fd551604094ec959890fa683') in 0.1279581 seconds
Number of updated asset objects reloaded before import = 0Number of asset objects unloaded after import = 0

========================================================================
Received Import Request.
  Time since last request: 0.001642 seconds.
  path: Assets/Hocker/Worn wooden crate/DemoScene/DemoScene.unity
  artifactKey: Guid(1b3db6011f0b48c4199ad969cd31743e) Importer(2089858483,192608db42251d675da83286b1cce702)
Start importing Assets/Hocker/Worn wooden crate/DemoScene/DemoScene.unity using Guid(1b3db6011f0b48c4199ad969cd31743e) Importer(2089858483,192608db42251d675da83286b1cce702) (ScriptedImporter)Generated GUIDs only implemented for interfaces!
 -> (artifact id: '67420b70cb08bf0c7c3643029243cdd8') in 0.0512406 seconds
Number of updated asset objects reloaded before import = 0Number of asset objects unloaded after import = 1

========================================================================
Received Import Request.
  Time since last request: 0.000299 seconds.
  path: Assets/MedievalTavernPack/Prefabs/Tableware/Jug_01.prefab
  artifactKey: Guid(41c2416439f912f4e89bd6b1167f45e5) Importer(2089858483,192608db42251d675da83286b1cce702)
Start importing Assets/MedievalTavernPack/Prefabs/Tableware/Jug_01.prefab using Guid(41c2416439f912f4e89bd6b1167f45e5) Importer(2089858483,192608db42251d675da83286b1cce702) (ScriptedImporter)Generated GUIDs only implemented for interfaces!
 -> (artifact id: '60e421abdc6306cde2dd0c053d7a53a0') in 0.0691379 seconds
Number of updated asset objects reloaded before import = 0Number of asset objects unloaded after import = 10

========================================================================
Received Import Request.
  Time since last request: 0.000883 seconds.
  path: Assets/MedievalTavernPack/Material/Furniture/Chair_02.mat
  artifactKey: Guid(006f7887a8d5ef14cbdbd2042d3278c7) Importer(2089858483,192608db42251d675da83286b1cce702)
Start importing Assets/MedievalTavernPack/Material/Furniture/Chair_02.mat using Guid(006f7887a8d5ef14cbdbd2042d3278c7) Importer(2089858483,192608db42251d675da83286b1cce702) (ScriptedImporter)Generated GUIDs only implemented for interfaces!
 -> (artifact id: '917f989a2bccc181d76f2a468becedc6') in 0.2822438 seconds
Number of updated asset objects reloaded before import = 0Number of asset objects unloaded after import = 3

========================================================================
Received Import Request.
  Time since last request: 0.000216 seconds.
  path: Assets/MedievalTavernPack/Textures/Tableware/jug_01_NORMAL.png
  artifactKey: Guid(657b87910f72d704896a420e9f334659) Importer(2089858483,192608db42251d675da83286b1cce702)
Start importing Assets/MedievalTavernPack/Textures/Tableware/jug_01_NORMAL.png using Guid(657b87910f72d704896a420e9f334659) Importer(2089858483,192608db42251d675da83286b1cce702) (ScriptedImporter)Generated GUIDs only implemented for interfaces!
 -> (artifact id: '7157d5843ef1b9886bc3811d555965d2') in 0.2741203 seconds
Number of updated asset objects reloaded before import = 0Number of asset objects unloaded after import = 1

========================================================================
Received Import Request.
  Time since last request: 0.000180 seconds.
  path: Assets/Laterns and candles/Meshes/Candle3.fbx
  artifactKey: Guid(21c30a3c7192a0649813ca3fe2cdb009) Importer(2089858483,192608db42251d675da83286b1cce702)
Start importing Assets/Laterns and candles/Meshes/Candle3.fbx using Guid(21c30a3c7192a0649813ca3fe2cdb009) Importer(2089858483,192608db42251d675da83286b1cce702) (ScriptedImporter)Generated GUIDs only implemented for interfaces!
 -> (artifact id: '34af32c64dea16829ce8cc800b9c1121') in 0.1418145 seconds
Number of updated asset objects reloaded before import = 0Number of asset objects unloaded after import = 7

========================================================================
Received Import Request.
  Time since last request: 0.000306 seconds.
  path: Assets/MedievalTavernPack/Material/Tableware/Plate_01.mat
  artifactKey: Guid(8efe1e182a7097b4fa1337bce81fa518) Importer(2089858483,192608db42251d675da83286b1cce702)
Start importing Assets/MedievalTavernPack/Material/Tableware/Plate_01.mat using Guid(8efe1e182a7097b4fa1337bce81fa518) Importer(2089858483,192608db42251d675da83286b1cce702) (ScriptedImporter)Generated GUIDs only implemented for interfaces!
 -> (artifact id: '1405d48603f5c71e30e09e5de138c93a') in 0.1400231 seconds
Number of updated asset objects reloaded before import = 0Number of asset objects unloaded after import = 3

========================================================================
Received Import Request.
  Time since last request: 0.000061 seconds.
  path: Assets/MedievalTavernPack/Meshes/Architecture/Door_02.FBX
  artifactKey: Guid(f62595d2ad838eb419de412444d07f81) Importer(2089858483,192608db42251d675da83286b1cce702)
Start importing Assets/MedievalTavernPack/Meshes/Architecture/Door_02.FBX using Guid(f62595d2ad838eb419de412444d07f81) Importer(2089858483,192608db42251d675da83286b1cce702) (ScriptedImporter)Generated GUIDs only implemented for interfaces!
 -> (artifact id: '15d639ce4e1f2a4cc7e22234480945a9') in 0.1578578 seconds
Number of updated asset objects reloaded before import = 0Number of asset objects unloaded after import = 10

========================================================================
Received Import Request.
  Time since last request: 0.000058 seconds.
  path: Assets/Laterns and candles/Prefabs/LampPost_double.prefab
  artifactKey: Guid(6d2bb9154d502fd46a5faf6e3b55f9f1) Importer(2089858483,192608db42251d675da83286b1cce702)
Start importing Assets/Laterns and candles/Prefabs/LampPost_double.prefab using Guid(6d2bb9154d502fd46a5faf6e3b55f9f1) Importer(2089858483,192608db42251d675da83286b1cce702) (ScriptedImporter)Generated GUIDs only implemented for interfaces!
 -> (artifact id: '0ec5a0e9024fb71b9313eadd6da5c77d') in 0.0962393 seconds
Number of updated asset objects reloaded before import = 0Number of asset objects unloaded after import = 55

========================================================================
Received Import Request.
  Time since last request: 0.000032 seconds.
  path: Assets/MedievalTavernPack/Textures
  artifactKey: Guid(ee5e311a1787c2749bcc6eb494790f4d) Importer(2089858483,192608db42251d675da83286b1cce702)
Start importing Assets/MedievalTavernPack/Textures using Guid(ee5e311a1787c2749bcc6eb494790f4d) Importer(2089858483,192608db42251d675da83286b1cce702) (ScriptedImporter)Generated GUIDs only implemented for interfaces!
 -> (artifact id: 'ed418e3078e4faffed1517a6314419a4') in 0.1160134 seconds
Number of updated asset objects reloaded before import = 0Number of asset objects unloaded after import = 1

========================================================================
Received Import Request.
  Time since last request: 0.000468 seconds.
  path: Assets/MedievalTavernPack/Textures/Furniture/bar_01_mod_NORMAL.png
  artifactKey: Guid(18d0347b9caaf434497fb5b6d4b863fa) Importer(2089858483,192608db42251d675da83286b1cce702)
Start importing Assets/MedievalTavernPack/Textures/Furniture/bar_01_mod_NORMAL.png using Guid(18d0347b9caaf434497fb5b6d4b863fa) Importer(2089858483,192608db42251d675da83286b1cce702) (ScriptedImporter)Generated GUIDs only implemented for interfaces!
 -> (artifact id: '8dc42e479849f7e7653a36958d20421b') in 0.1691045 seconds
Number of updated asset objects reloaded before import = 0Number of asset objects unloaded after import = 1

========================================================================
Received Import Request.
  Time since last request: 0.000029 seconds.
  path: Assets/MedievalTavernPack/Textures/Architecture/window_glass_01_NORMAL.png
  artifactKey: Guid(bab1673b78e15044a9c1efba4e307ca8) Importer(2089858483,192608db42251d675da83286b1cce702)
Start importing Assets/MedievalTavernPack/Textures/Architecture/window_glass_01_NORMAL.png using Guid(bab1673b78e15044a9c1efba4e307ca8) Importer(2089858483,192608db42251d675da83286b1cce702) (ScriptedImporter)Generated GUIDs only implemented for interfaces!
 -> (artifact id: 'c9d80dc1dd58745ad7b343c887b29014') in 0.0930365 seconds
Number of updated asset objects reloaded before import = 0Number of asset objects unloaded after import = 1

========================================================================
Received Import Request.
  Time since last request: 0.000083 seconds.
  path: Assets/MedievalTavernPack/Prefabs/Tableware/Glass_01.prefab
  artifactKey: Guid(639d8009f73c0c0479e83997d1fc2ec2) Importer(2089858483,192608db42251d675da83286b1cce702)
Start importing Assets/MedievalTavernPack/Prefabs/Tableware/Glass_01.prefab using Guid(639d8009f73c0c0479e83997d1fc2ec2) Importer(2089858483,192608db42251d675da83286b1cce702) (ScriptedImporter)Generated GUIDs only implemented for interfaces!
 -> (artifact id: '0119dedd32b5b8e8f216f411efe8043f') in 0.0930089 seconds
Number of updated asset objects reloaded before import = 0Number of asset objects unloaded after import = 10

========================================================================
Received Import Request.
  Time since last request: 0.000023 seconds.
  path: Assets/Barrels_free/Prefabs
  artifactKey: Guid(a3ff9a1d51b1e4c7fa9696e08da55e2b) Importer(2089858483,192608db42251d675da83286b1cce702)
Start importing Assets/Barrels_free/Prefabs using Guid(a3ff9a1d51b1e4c7fa9696e08da55e2b) Importer(2089858483,192608db42251d675da83286b1cce702) (ScriptedImporter)Generated GUIDs only implemented for interfaces!
 -> (artifact id: '93aa78f30e0d39444206350615202aeb') in 0.1633869 seconds
Number of updated asset objects reloaded before import = 0Number of asset objects unloaded after import = 1

========================================================================
Received Import Request.
  Time since last request: 0.000059 seconds.
  path: Assets/MedievalTavernPack/Textures/Architecture/wall_01_cast_ALBEDO.png
  artifactKey: Guid(ad99c74032ec34f4b955379b032a8e22) Importer(2089858483,192608db42251d675da83286b1cce702)
Start importing Assets/MedievalTavernPack/Textures/Architecture/wall_01_cast_ALBEDO.png using Guid(ad99c74032ec34f4b955379b032a8e22) Importer(2089858483,192608db42251d675da83286b1cce702) (ScriptedImporter)Generated GUIDs only implemented for interfaces!
 -> (artifact id: '936d2fa92098d9ba52a27ab11fc3a62c') in 0.0823606 seconds
Number of updated asset objects reloaded before import = 0Number of asset objects unloaded after import = 1

========================================================================
Received Import Request.
  Time since last request: 0.000959 seconds.
  path: Assets/MedievalTavernPack/Meshes/Architecture/Window_02.FBX
  artifactKey: Guid(073be7af802d7b94aa96552b7f774d66) Importer(2089858483,192608db42251d675da83286b1cce702)
Start importing Assets/MedievalTavernPack/Meshes/Architecture/Window_02.FBX using Guid(073be7af802d7b94aa96552b7f774d66) Importer(2089858483,192608db42251d675da83286b1cce702) (ScriptedImporter)Generated GUIDs only implemented for interfaces!
 -> (artifact id: 'f68685565fb4663df408c13dd24da702') in 0.095252 seconds
Number of updated asset objects reloaded before import = 0Number of asset objects unloaded after import = 17

========================================================================
Received Import Request.
  Time since last request: 0.000179 seconds.
  path: Assets/Laterns and candles/Materials/CarvedLampPost.mat
  artifactKey: Guid(77d10d81f215eb34bba1e5cb65e39a24) Importer(2089858483,192608db42251d675da83286b1cce702)
Start importing Assets/Laterns and candles/Materials/CarvedLampPost.mat using Guid(77d10d81f215eb34bba1e5cb65e39a24) Importer(2089858483,192608db42251d675da83286b1cce702) (ScriptedImporter)Generated GUIDs only implemented for interfaces!
 -> (artifact id: '0dba78a497cd0edad7709fb121a69bbb') in 0.0232889 seconds
Number of updated asset objects reloaded before import = 0Number of asset objects unloaded after import = 4

========================================================================
Received Import Request.
  Time since last request: 0.000023 seconds.
  path: Assets/MedievalTavernPack/Prefabs/Furniture/Lamp_01.prefab
  artifactKey: Guid(f08e2c9c9d052f74cb0c5789c4aca4f0) Importer(2089858483,192608db42251d675da83286b1cce702)
Start importing Assets/MedievalTavernPack/Prefabs/Furniture/Lamp_01.prefab using Guid(f08e2c9c9d052f74cb0c5789c4aca4f0) Importer(2089858483,192608db42251d675da83286b1cce702) (ScriptedImporter)Generated GUIDs only implemented for interfaces!
 -> (artifact id: '20f51a2cd25f0d785a09eeafd9445a1c') in 0.1020279 seconds
Number of updated asset objects reloaded before import = 0Number of asset objects unloaded after import = 10

========================================================================
Received Import Request.
  Time since last request: 0.000170 seconds.
  path: Assets/Laterns and candles/textures/chandelier [Albedo].png
  artifactKey: Guid(393bfb2b1fe18cf499e9f1ff5615fc2a) Importer(2089858483,192608db42251d675da83286b1cce702)
Start importing Assets/Laterns and candles/textures/chandelier [Albedo].png using Guid(393bfb2b1fe18cf499e9f1ff5615fc2a) Importer(2089858483,192608db42251d675da83286b1cce702) (ScriptedImporter)Generated GUIDs only implemented for interfaces!
 -> (artifact id: '5b033c52f6a6f3a79013eedf1df4401e') in 0.1927243 seconds
Number of updated asset objects reloaded before import = 0Number of asset objects unloaded after import = 1

========================================================================
Received Import Request.
  Time since last request: 0.000444 seconds.
  path: Assets/MedievalTavernPack/Material/Architecture/Wall_door_02_stone.mat
  artifactKey: Guid(341a37376746ebb4fa6c81e42d352300) Importer(2089858483,192608db42251d675da83286b1cce702)
Start importing Assets/MedievalTavernPack/Material/Architecture/Wall_door_02_stone.mat using Guid(341a37376746ebb4fa6c81e42d352300) Importer(2089858483,192608db42251d675da83286b1cce702) (ScriptedImporter)Generated GUIDs only implemented for interfaces!
 -> (artifact id: '2232d27807e71b68c505a0a424e96560') in 0.282251 seconds
Number of updated asset objects reloaded before import = 0Number of asset objects unloaded after import = 3

========================================================================
Received Import Request.
  Time since last request: 0.000134 seconds.
  path: Assets/Laterns and candles/Materials/LampPost_wall.mat
  artifactKey: Guid(b48090b67b3c8b84b81fcc983fc98878) Importer(2089858483,192608db42251d675da83286b1cce702)
Start importing Assets/Laterns and candles/Materials/LampPost_wall.mat using Guid(b48090b67b3c8b84b81fcc983fc98878) Importer(2089858483,192608db42251d675da83286b1cce702) (ScriptedImporter)Generated GUIDs only implemented for interfaces!
 -> (artifact id: '5600eebbc401d92d9fc4c6edca294e52') in 0.0381936 seconds
Number of updated asset objects reloaded before import = 0Number of asset objects unloaded after import = 4

========================================================================
Received Import Request.
  Time since last request: 0.000179 seconds.
  path: Assets/Laterns and candles/textures/LampPostWaLL [Normal].png
  artifactKey: Guid(5ca9b7fd68e98c448967172681179979) Importer(2089858483,192608db42251d675da83286b1cce702)
Start importing Assets/Laterns and candles/textures/LampPostWaLL [Normal].png using Guid(5ca9b7fd68e98c448967172681179979) Importer(2089858483,192608db42251d675da83286b1cce702) (ScriptedImporter)Generated GUIDs only implemented for interfaces!
 -> (artifact id: '256407d987912413cefaa5b9b1484873') in 0.0431605 seconds
Number of updated asset objects reloaded before import = 0Number of asset objects unloaded after import = 1

========================================================================
Received Import Request.
  Time since last request: 0.000061 seconds.
  path: Assets/MedievalTavernPack/Material/Tableware/Glass_01.mat
  artifactKey: Guid(f14aa19fcd2754c4ebbee1e6ff20818f) Importer(2089858483,192608db42251d675da83286b1cce702)
Start importing Assets/MedievalTavernPack/Material/Tableware/Glass_01.mat using Guid(f14aa19fcd2754c4ebbee1e6ff20818f) Importer(2089858483,192608db42251d675da83286b1cce702) (ScriptedImporter)Generated GUIDs only implemented for interfaces!
 -> (artifact id: 'ff961b770d3cd86590dee8001054eb0d') in 0.1812539 seconds
Number of updated asset objects reloaded before import = 0Number of asset objects unloaded after import = 3

========================================================================
Received Import Request.
  Time since last request: 0.000031 seconds.
  path: Assets/Laterns and candles/Shaders/GlassStainedBumpDistort.shader
  artifactKey: Guid(963484209d11fd7f110076aa44295342) Importer(2089858483,192608db42251d675da83286b1cce702)
Start importing Assets/Laterns and candles/Shaders/GlassStainedBumpDistort.shader using Guid(963484209d11fd7f110076aa44295342) Importer(2089858483,192608db42251d675da83286b1cce702) (ScriptedImporter)Generated GUIDs only implemented for interfaces!
 -> (artifact id: '38bfb3110460b74fa8c15891825d3211') in 0.0638343 seconds
Number of updated asset objects reloaded before import = 0Number of asset objects unloaded after import = 1

========================================================================
Received Import Request.
  Time since last request: 0.000117 seconds.
  path: Assets/TextMesh Pro/Examples & Extras/Scenes/15 - Inline Graphics & Sprites.unity
  artifactKey: Guid(e76e6c0f81964cbda3fe0b7d26ed8060) Importer(2089858483,3d70f49cd1c2eb9ae422958d1c652c6b)
Start importing Assets/TextMesh Pro/Examples & Extras/Scenes/15 - Inline Graphics & Sprites.unity using Guid(e76e6c0f81964cbda3fe0b7d26ed8060) Importer(2089858483,3d70f49cd1c2eb9ae422958d1c652c6b) (ScriptedImporter)Opening scene 'Assets/TextMesh Pro/Examples & Extras/Scenes/15 - Inline Graphics & Sprites.unity additively'
Loaded scene 'Assets/TextMesh Pro/Examples & Extras/Scenes/15 - Inline Graphics & Sprites.unity'
	Deserialize:            90.076 ms
	Integration:            104.860 ms
	Integration of assets:  2.419 ms
	Thread Wait Time:       0.116 ms
	Total Operation Time:   197.471 ms
Generated GUIDs only implemented for interfaces!
 -> (artifact id: 'e63fa1276f4c18d8b3a421f18c8167bc') in 0.249218 seconds
Number of updated asset objects reloaded before import = 0Number of asset objects unloaded after import = 23

========================================================================
Received Import Request.
  Time since last request: 0.000029 seconds.
  path: Assets/MedievalTavernPack/Textures/Furniture/chair_01_NORMAL.png
  artifactKey: Guid(c90d51e94bba24a4a885dd67483c5694) Importer(2089858483,192608db42251d675da83286b1cce702)
Start importing Assets/MedievalTavernPack/Textures/Furniture/chair_01_NORMAL.png using Guid(c90d51e94bba24a4a885dd67483c5694) Importer(2089858483,192608db42251d675da83286b1cce702) (ScriptedImporter)Generated GUIDs only implemented for interfaces!
 -> (artifact id: 'd4f6c9629ffb51651cdeb83ef247b79c') in 0.0408618 seconds
Number of updated asset objects reloaded before import = 0Number of asset objects unloaded after import = 1

========================================================================
Received Import Request.
  Time since last request: 0.000065 seconds.
  path: Assets/PixelatedCamera-Unity-master/PixelatedCamera.cs
  artifactKey: Guid(713774097d422c2419f0748201313847) Importer(2089858483,192608db42251d675da83286b1cce702)
Start importing Assets/PixelatedCamera-Unity-master/PixelatedCamera.cs using Guid(713774097d422c2419f0748201313847) Importer(2089858483,192608db42251d675da83286b1cce702) (ScriptedImporter)Generated GUIDs only implemented for interfaces!
 -> (artifact id: '6b9d33f4e6c3cc7e10f010a9f07126d0') in 0.0310678 seconds
Number of updated asset objects reloaded before import = 0Number of asset objects unloaded after import = 0

========================================================================
Received Import Request.
  Time since last request: 0.000029 seconds.
  path: Assets/MedievalTavernPack/Meshes/Architecture/Wall_window_02.FBX
  artifactKey: Guid(a1d3cbb2c11a6f64c80b9ea849c9719f) Importer(2089858483,192608db42251d675da83286b1cce702)
Start importing Assets/MedievalTavernPack/Meshes/Architecture/Wall_window_02.FBX using Guid(a1d3cbb2c11a6f64c80b9ea849c9719f) Importer(2089858483,192608db42251d675da83286b1cce702) (ScriptedImporter)Generated GUIDs only implemented for interfaces!
 -> (artifact id: '4236d2ce453354863367f46a69606256') in 0.0502811 seconds
Number of updated asset objects reloaded before import = 0Number of asset objects unloaded after import = 23

========================================================================
Received Import Request.
  Time since last request: 0.000044 seconds.
  path: Assets/MedievalTavernPack/Meshes/Architecture/Wall_window_01.FBX
  artifactKey: Guid(b2a5d8faacccf1f47a1b8227fab6dbf9) Importer(2089858483,192608db42251d675da83286b1cce702)
Start importing Assets/MedievalTavernPack/Meshes/Architecture/Wall_window_01.FBX using Guid(b2a5d8faacccf1f47a1b8227fab6dbf9) Importer(2089858483,192608db42251d675da83286b1cce702) (ScriptedImporter)Generated GUIDs only implemented for interfaces!
 -> (artifact id: '843e69e5aee3104e84d17e85160520a4') in 0.0615875 seconds
Number of updated asset objects reloaded before import = 0Number of asset objects unloaded after import = 28

========================================================================
Received Import Request.
  Time since last request: 0.000029 seconds.
  path: Assets/TextMesh Pro/Examples & Extras/Resources/Fonts & Materials
  artifactKey: Guid(4f1e85c79acf49968737939ce8b445c7) Importer(2089858483,192608db42251d675da83286b1cce702)
Start importing Assets/TextMesh Pro/Examples & Extras/Resources/Fonts & Materials using Guid(4f1e85c79acf49968737939ce8b445c7) Importer(2089858483,192608db42251d675da83286b1cce702) (ScriptedImporter)Generated GUIDs only implemented for interfaces!
 -> (artifact id: '7480db0a18b246fc74e0f491b869fa9e') in 0.0220734 seconds
Number of updated asset objects reloaded before import = 0Number of asset objects unloaded after import = 1

========================================================================
Received Import Request.
  Time since last request: 0.000066 seconds.
  path: Assets/TextMesh Pro/Resources/Sprite Assets/EmojiOne.asset
  artifactKey: Guid(c41005c129ba4d66911b75229fd70b45) Importer(2089858483,192608db42251d675da83286b1cce702)
Start importing Assets/TextMesh Pro/Resources/Sprite Assets/EmojiOne.asset using Guid(c41005c129ba4d66911b75229fd70b45) Importer(2089858483,192608db42251d675da83286b1cce702) (ScriptedImporter)Generated GUIDs only implemented for interfaces!
 -> (artifact id: '892eed64dca0d53810c5b5b7ab4d0aab') in 0.0557963 seconds
Number of updated asset objects reloaded before import = 0Number of asset objects unloaded after import = 3

========================================================================
Received Import Request.
  Time since last request: 0.000025 seconds.
  path: Assets/MedievalTavernPack/Prefabs/Architecture/New Lighting Settings 1.lighting
  artifactKey: Guid(53328605470c95a47af3c85452e4d7e1) Importer(2089858483,192608db42251d675da83286b1cce702)
Start importing Assets/MedievalTavernPack/Prefabs/Architecture/New Lighting Settings 1.lighting using Guid(53328605470c95a47af3c85452e4d7e1) Importer(2089858483,192608db42251d675da83286b1cce702) (ScriptedImporter)Generated GUIDs only implemented for interfaces!
 -> (artifact id: '87b7f18a8c8f4274a6e964d3e07b16fe') in 0.0859434 seconds
Number of updated asset objects reloaded before import = 0Number of asset objects unloaded after import = 2

========================================================================
Received Import Request.
  Time since last request: 0.000561 seconds.
  path: Assets/TextMesh Pro/Examples & Extras/Fonts/Unity - OFL.txt
  artifactKey: Guid(0251f66ebc602a944b35bccd13be2738) Importer(2089858483,192608db42251d675da83286b1cce702)
Start importing Assets/TextMesh Pro/Examples & Extras/Fonts/Unity - OFL.txt using Guid(0251f66ebc602a944b35bccd13be2738) Importer(2089858483,192608db42251d675da83286b1cce702) (ScriptedImporter)Generated GUIDs only implemented for interfaces!
 -> (artifact id: 'a2c5643e052cd9ebab9a07e9126338d2') in 0.0289574 seconds
Number of updated asset objects reloaded before import = 0Number of asset objects unloaded after import = 1

========================================================================
Received Import Request.
  Time since last request: 0.000067 seconds.
  path: Assets/TextMesh Pro/Examples & Extras/Resources
  artifactKey: Guid(d6d3a169ad794942a21da6a552d62f6f) Importer(2089858483,192608db42251d675da83286b1cce702)
Start importing Assets/TextMesh Pro/Examples & Extras/Resources using Guid(d6d3a169ad794942a21da6a552d62f6f) Importer(2089858483,192608db42251d675da83286b1cce702) (ScriptedImporter)Generated GUIDs only implemented for interfaces!
 -> (artifact id: '8a065ff7bed26a829dc02f5a8d25f83a') in 0.0235324 seconds
Number of updated asset objects reloaded before import = 0Number of asset objects unloaded after import = 1

========================================================================
Received Import Request.
  Time since last request: 0.000093 seconds.
  path: Assets/TextMesh Pro/Examples & Extras/Scenes/04 - Word Wrapping.unity
  artifactKey: Guid(8f7137eacd7042d5b17ef0efe5e744f5) Importer(2089858483,192608db42251d675da83286b1cce702)
Start importing Assets/TextMesh Pro/Examples & Extras/Scenes/04 - Word Wrapping.unity using Guid(8f7137eacd7042d5b17ef0efe5e744f5) Importer(2089858483,192608db42251d675da83286b1cce702) (ScriptedImporter)Generated GUIDs only implemented for interfaces!
 -> (artifact id: '29d745f018743d077a5b8e979f11dbbf') in 0.0200805 seconds
Number of updated asset objects reloaded before import = 0Number of asset objects unloaded after import = 1

========================================================================
Received Import Request.
  Time since last request: 0.000047 seconds.
  path: Assets/MedievalTavernPack/Prefabs/Architecture/New Lightmap Parameters.giparams
  artifactKey: Guid(d5f37aae8d0f18f4c98c76d1759d9d82) Importer(2089858483,192608db42251d675da83286b1cce702)
Start importing Assets/MedievalTavernPack/Prefabs/Architecture/New Lightmap Parameters.giparams using Guid(d5f37aae8d0f18f4c98c76d1759d9d82) Importer(2089858483,192608db42251d675da83286b1cce702) (ScriptedImporter)Generated GUIDs only implemented for interfaces!
 -> (artifact id: '871c9ae8c5ad46e80b9ffdfc7f7e881d') in 0.0365072 seconds
Number of updated asset objects reloaded before import = 0Number of asset objects unloaded after import = 1

========================================================================
Received Import Request.
  Time since last request: 0.000084 seconds.
  path: Assets/MedievalTavernPack/Prefabs/Tableware/Glass_01.prefab
  artifactKey: Guid(639d8009f73c0c0479e83997d1fc2ec2) Importer(2089858483,3d70f49cd1c2eb9ae422958d1c652c6b)
Start importing Assets/MedievalTavernPack/Prefabs/Tableware/Glass_01.prefab using Guid(639d8009f73c0c0479e83997d1fc2ec2) Importer(2089858483,3d70f49cd1c2eb9ae422958d1c652c6b) (ScriptedImporter)Generated GUIDs only implemented for interfaces!
 -> (artifact id: 'fa8e5802d4b468b9ec4c6efdd81807b1') in 0.0239768 seconds
Number of updated asset objects reloaded before import = 0Number of asset objects unloaded after import = 10

========================================================================
Received Import Request.
  Time since last request: 0.000019 seconds.
  path: Assets/Laterns and candles/Shaders
  artifactKey: Guid(194c5f733c7534ed790e101791e86518) Importer(2089858483,192608db42251d675da83286b1cce702)
Start importing Assets/Laterns and candles/Shaders using Guid(194c5f733c7534ed790e101791e86518) Importer(2089858483,192608db42251d675da83286b1cce702) (ScriptedImporter)Generated GUIDs only implemented for interfaces!
 -> (artifact id: '41bcb63e61422a0ccda96e067db50c9d') in 0.034638 seconds
Number of updated asset objects reloaded before import = 0Number of asset objects unloaded after import = 1

========================================================================
Received Import Request.
  Time since last request: 0.000874 seconds.
  path: Assets/MedievalTavernPack/Material/Architecture
  artifactKey: Guid(ecc4dc4fb40ad5d48be3be5410cb70c7) Importer(2089858483,192608db42251d675da83286b1cce702)
Start importing Assets/MedievalTavernPack/Material/Architecture using Guid(ecc4dc4fb40ad5d48be3be5410cb70c7) Importer(2089858483,192608db42251d675da83286b1cce702) (ScriptedImporter)Generated GUIDs only implemented for interfaces!
 -> (artifact id: 'fa07c7a062418788e64dcec96b1cfc12') in 0.016411 seconds
Number of updated asset objects reloaded before import = 0Number of asset objects unloaded after import = 1

========================================================================
Received Import Request.
  Time since last request: 0.000069 seconds.
  path: Assets/MedievalTavernPack/Prefabs/Architecture/Wall_window_02_stone.prefab
  artifactKey: Guid(03e148745d491294a9aa82f70989ba51) Importer(2089858483,3d70f49cd1c2eb9ae422958d1c652c6b)
Start importing Assets/MedievalTavernPack/Prefabs/Architecture/Wall_window_02_stone.prefab using Guid(03e148745d491294a9aa82f70989ba51) Importer(2089858483,3d70f49cd1c2eb9ae422958d1c652c6b) (ScriptedImporter)Generated GUIDs only implemented for interfaces!
 -> (artifact id: '112043f3d08cafe486679ecc971887e1') in 0.0231045 seconds
Number of updated asset objects reloaded before import = 0Number of asset objects unloaded after import = 25

========================================================================
Received Import Request.
  Time since last request: 0.000028 seconds.
  path: Assets/TextMesh Pro/Sprites/EmojiOne Attribution.txt
  artifactKey: Guid(381dcb09d5029d14897e55f98031fca5) Importer(2089858483,192608db42251d675da83286b1cce702)
Start importing Assets/TextMesh Pro/Sprites/EmojiOne Attribution.txt using Guid(381dcb09d5029d14897e55f98031fca5) Importer(2089858483,192608db42251d675da83286b1cce702) (ScriptedImporter)Generated GUIDs only implemented for interfaces!
 -> (artifact id: '842cd1351ce0a385a8fc87b95dbf0ffd') in 0.0305018 seconds
Number of updated asset objects reloaded before import = 0Number of asset objects unloaded after import = 1

========================================================================
Received Import Request.
  Time since last request: 0.000060 seconds.
  path: Assets/TextMesh Pro/Examples & Extras/Fonts
  artifactKey: Guid(b63e0053080646b9819789bf3bf9fa17) Importer(2089858483,192608db42251d675da83286b1cce702)
Start importing Assets/TextMesh Pro/Examples & Extras/Fonts using Guid(b63e0053080646b9819789bf3bf9fa17) Importer(2089858483,192608db42251d675da83286b1cce702) (ScriptedImporter)Generated GUIDs only implemented for interfaces!
 -> (artifact id: '1a0a0a0aed2ac4791550ae12f682a73c') in 0.0183794 seconds
Number of updated asset objects reloaded before import = 0Number of asset objects unloaded after import = 1

========================================================================
Received Import Request.
  Time since last request: 0.000068 seconds.
  path: Assets/TextMesh Pro/Examples & Extras/Scripts/VertexColorCycler.cs
  artifactKey: Guid(91b8ba3d52e041fab2d0e0f169855539) Importer(2089858483,192608db42251d675da83286b1cce702)
Start importing Assets/TextMesh Pro/Examples & Extras/Scripts/VertexColorCycler.cs using Guid(91b8ba3d52e041fab2d0e0f169855539) Importer(2089858483,192608db42251d675da83286b1cce702) (ScriptedImporter)Generated GUIDs only implemented for interfaces!
 -> (artifact id: '0aa389439e5e2d95e5ac47c8172c1cfc') in 0.0263999 seconds
Number of updated asset objects reloaded before import = 0Number of asset objects unloaded after import = 0

========================================================================
Received Import Request.
  Time since last request: 0.000334 seconds.
  path: Assets/TextMesh Pro/Shaders/TMPro_Mobile.cginc
  artifactKey: Guid(c334973cef89a9840b0b0c507e0377ab) Importer(2089858483,192608db42251d675da83286b1cce702)
Start importing Assets/TextMesh Pro/Shaders/TMPro_Mobile.cginc using Guid(c334973cef89a9840b0b0c507e0377ab) Importer(2089858483,192608db42251d675da83286b1cce702) (ScriptedImporter)Generated GUIDs only implemented for interfaces!
 -> (artifact id: '7b847d40c230ecf8c97ed03d99c83669') in 0.0295199 seconds
Number of updated asset objects reloaded before import = 0Number of asset objects unloaded after import = 1

========================================================================
Received Import Request.
  Time since last request: 0.000042 seconds.
  path: Assets/TextMesh Pro/Examples & Extras/Fonts/Electronic Highway Sign.TTF
  artifactKey: Guid(8a2b9e2a607dd2143b58c44bc32410b4) Importer(2089858483,192608db42251d675da83286b1cce702)
Start importing Assets/TextMesh Pro/Examples & Extras/Fonts/Electronic Highway Sign.TTF using Guid(8a2b9e2a607dd2143b58c44bc32410b4) Importer(2089858483,192608db42251d675da83286b1cce702) (ScriptedImporter)Generated GUIDs only implemented for interfaces!
 -> (artifact id: '1b0bfd0de64313e07daa8383024077a6') in 0.0405408 seconds
Number of updated asset objects reloaded before import = 0Number of asset objects unloaded after import = 3

========================================================================
Received Import Request.
  Time since last request: 0.000146 seconds.
  path: Assets/TextMesh Pro/Examples & Extras/Resources/Fonts & Materials/Roboto-Bold SDF - Surface.mat
  artifactKey: Guid(e6b276ec991f467aa14ef1f3cc665993) Importer(2089858483,192608db42251d675da83286b1cce702)
Start importing Assets/TextMesh Pro/Examples & Extras/Resources/Fonts & Materials/Roboto-Bold SDF - Surface.mat using Guid(e6b276ec991f467aa14ef1f3cc665993) Importer(2089858483,192608db42251d675da83286b1cce702) (ScriptedImporter)Generated GUIDs only implemented for interfaces!
 -> (artifact id: '83ce9c6aedfa2b09bef66f0f46170740') in 0.0298919 seconds
Number of updated asset objects reloaded before import = 0Number of asset objects unloaded after import = 2

========================================================================
Received Import Request.
  Time since last request: 0.000051 seconds.
  path: Assets/TextMesh Pro/Shaders
  artifactKey: Guid(e9f693669af91aa45ad615fc681ed29f) Importer(2089858483,192608db42251d675da83286b1cce702)
Start importing Assets/TextMesh Pro/Shaders using Guid(e9f693669af91aa45ad615fc681ed29f) Importer(2089858483,192608db42251d675da83286b1cce702) (ScriptedImporter)Generated GUIDs only implemented for interfaces!
 -> (artifact id: '8edd68c6c28c0358abbf83827744c29a') in 0.027303 seconds
Number of updated asset objects reloaded before import = 0Number of asset objects unloaded after import = 1

========================================================================
Received Import Request.
  Time since last request: 0.000091 seconds.
  path: Assets/TextMesh Pro/Examples & Extras/Textures/Gradient Horizontal (Color).jpg
  artifactKey: Guid(6eb184de103d4b3f812b38561065192f) Importer(2089858483,192608db42251d675da83286b1cce702)
Start importing Assets/TextMesh Pro/Examples & Extras/Textures/Gradient Horizontal (Color).jpg using Guid(6eb184de103d4b3f812b38561065192f) Importer(2089858483,192608db42251d675da83286b1cce702) (ScriptedImporter)Generated GUIDs only implemented for interfaces!
 -> (artifact id: '3d19c1393c613e5d87b37128caf75bb2') in 0.0508077 seconds
Number of updated asset objects reloaded before import = 0Number of asset objects unloaded after import = 1

========================================================================
Received Import Request.
  Time since last request: 0.000079 seconds.
  path: Assets/scripts/Materials/HaramaSelf.mat
  artifactKey: Guid(df26e105210e60143aff73bdf5cd2649) Importer(2089858483,192608db42251d675da83286b1cce702)
Start importing Assets/scripts/Materials/HaramaSelf.mat using Guid(df26e105210e60143aff73bdf5cd2649) Importer(2089858483,192608db42251d675da83286b1cce702) (ScriptedImporter)Generated GUIDs only implemented for interfaces!
 -> (artifact id: '4f40b224abec484f8030942bd509a678') in 0.0260863 seconds
Number of updated asset objects reloaded before import = 0Number of asset objects unloaded after import = 2

========================================================================
Received Import Request.
  Time since last request: 0.000278 seconds.
  path: Assets/MedievalTavernPack/Textures/Architecture/window_01_ALBEDO.png
  artifactKey: Guid(c111485f646a8f34691f3c70c0758930) Importer(2089858483,192608db42251d675da83286b1cce702)
Start importing Assets/MedievalTavernPack/Textures/Architecture/window_01_ALBEDO.png using Guid(c111485f646a8f34691f3c70c0758930) Importer(2089858483,192608db42251d675da83286b1cce702) (ScriptedImporter)Generated GUIDs only implemented for interfaces!
 -> (artifact id: '67ad889e4d9691c8ad2d7d9529e944ad') in 0.0598545 seconds
Number of updated asset objects reloaded before import = 0Number of asset objects unloaded after import = 1

========================================================================
Received Import Request.
  Time since last request: 0.000054 seconds.
  path: Assets/MedievalTavernPack/Meshes/Furniture
  artifactKey: Guid(28e7a34f15489de4ebc061f7518e7b1e) Importer(2089858483,192608db42251d675da83286b1cce702)
Start importing Assets/MedievalTavernPack/Meshes/Furniture using Guid(28e7a34f15489de4ebc061f7518e7b1e) Importer(2089858483,192608db42251d675da83286b1cce702) (ScriptedImporter)Generated GUIDs only implemented for interfaces!
 -> (artifact id: 'd50457a516a4e07a117902f03b9ef876') in 0.0178008 seconds
Number of updated asset objects reloaded before import = 0Number of asset objects unloaded after import = 1

========================================================================
Received Import Request.
  Time since last request: 0.029734 seconds.
  path: Assets/TextMesh Pro/Examples & Extras/Resources/Color Gradient Presets/Blue to Purple - Vertical.asset
  artifactKey: Guid(479a66fa4b094512a62b0a8e553ad95a) Importer(2089858483,192608db42251d675da83286b1cce702)
Start importing Assets/TextMesh Pro/Examples & Extras/Resources/Color Gradient Presets/Blue to Purple - Vertical.asset using Guid(479a66fa4b094512a62b0a8e553ad95a) Importer(2089858483,192608db42251d675da83286b1cce702) (ScriptedImporter)Generated GUIDs only implemented for interfaces!
 -> (artifact id: '4e75ce820bbe7fe4d671a13635f7f1c2') in 0.0256184 seconds
Number of updated asset objects reloaded before import = 0Number of asset objects unloaded after import = 1

========================================================================
Received Import Request.
  Time since last request: 0.000091 seconds.
  path: Assets/Prefabs/hands.fbx
  artifactKey: Guid(1a2a800c632829f4e896a66b8382d1fb) Importer(2089858483,192608db42251d675da83286b1cce702)
Start importing Assets/Prefabs/hands.fbx using Guid(1a2a800c632829f4e896a66b8382d1fb) Importer(2089858483,192608db42251d675da83286b1cce702) (ScriptedImporter)Generated GUIDs only implemented for interfaces!
 -> (artifact id: '3e75761ecba95662da2869f60b51952b') in 0.0784548 seconds
Number of updated asset objects reloaded before import = 0Number of asset objects unloaded after import = 125

========================================================================
Received Import Request.
  Time since last request: 0.000518 seconds.
  path: Assets/TextMesh Pro/Shaders/TMP_SDF-Surface.shader
  artifactKey: Guid(f7ada0af4f174f0694ca6a487b8f543d) Importer(2089858483,192608db42251d675da83286b1cce702)
Start importing Assets/TextMesh Pro/Shaders/TMP_SDF-Surface.shader using Guid(f7ada0af4f174f0694ca6a487b8f543d) Importer(2089858483,192608db42251d675da83286b1cce702) (ScriptedImporter)Generated GUIDs only implemented for interfaces!
 -> (artifact id: '12752c43df18c92fdf3b05449fd60ca9') in 0.0305434 seconds
Number of updated asset objects reloaded before import = 0Number of asset objects unloaded after import = 1

========================================================================
Received Import Request.
  Time since last request: 0.000036 seconds.
  path: Assets/TextMesh Pro/Examples & Extras/Scripts/TMP_TextInfoDebugTool.cs
  artifactKey: Guid(21256c5b62f346f18640dad779911e20) Importer(2089858483,192608db42251d675da83286b1cce702)
Start importing Assets/TextMesh Pro/Examples & Extras/Scripts/TMP_TextInfoDebugTool.cs using Guid(21256c5b62f346f18640dad779911e20) Importer(2089858483,192608db42251d675da83286b1cce702) (ScriptedImporter)Generated GUIDs only implemented for interfaces!
 -> (artifact id: 'b78e9d5ec52b350158d0aba00e1a2165') in 0.020913 seconds
Number of updated asset objects reloaded before import = 0Number of asset objects unloaded after import = 0

========================================================================
Received Import Request.
  Time since last request: 0.000785 seconds.
  path: Assets/TextMesh Pro/Examples & Extras/Scripts/Benchmark01.cs
  artifactKey: Guid(f970ea55f9f84bf79b05dab180b8c125) Importer(2089858483,192608db42251d675da83286b1cce702)
Start importing Assets/TextMesh Pro/Examples & Extras/Scripts/Benchmark01.cs using Guid(f970ea55f9f84bf79b05dab180b8c125) Importer(2089858483,192608db42251d675da83286b1cce702) (ScriptedImporter)Generated GUIDs only implemented for interfaces!
 -> (artifact id: '20e3e4a47ac896094f07cc28f01d3578') in 0.0204612 seconds
Number of updated asset objects reloaded before import = 0Number of asset objects unloaded after import = 0

========================================================================
Received Import Request.
  Time since last request: 0.000070 seconds.
  path: Assets/TextMesh Pro/Shaders/TMP_Bitmap.shader
  artifactKey: Guid(128e987d567d4e2c824d754223b3f3b0) Importer(2089858483,192608db42251d675da83286b1cce702)
Start importing Assets/TextMesh Pro/Shaders/TMP_Bitmap.shader using Guid(128e987d567d4e2c824d754223b3f3b0) Importer(2089858483,192608db42251d675da83286b1cce702) (ScriptedImporter)Generated GUIDs only implemented for interfaces!
 -> (artifact id: '69b6d209c8b167bf5eb04baf172a3b29') in 0.0239624 seconds
Number of updated asset objects reloaded before import = 0Number of asset objects unloaded after import = 1

========================================================================
Received Import Request.
  Time since last request: 0.000042 seconds.
  path: Assets/TextMesh Pro/Examples & Extras/Fonts/Bangers - OFL.txt
  artifactKey: Guid(efe0bf4ac872451e91612d1ae593f480) Importer(2089858483,192608db42251d675da83286b1cce702)
Start importing Assets/TextMesh Pro/Examples & Extras/Fonts/Bangers - OFL.txt using Guid(efe0bf4ac872451e91612d1ae593f480) Importer(2089858483,192608db42251d675da83286b1cce702) (ScriptedImporter)Generated GUIDs only implemented for interfaces!
 -> (artifact id: '7cbc44d8844c0431269df617ac0e46e6') in 0.0433005 seconds
Number of updated asset objects reloaded before import = 0Number of asset objects unloaded after import = 1

========================================================================
Received Import Request.
  Time since last request: 0.000064 seconds.
  path: Assets/TextMesh Pro/Examples & Extras/Resources/Fonts & Materials/Anton SDF - Drop Shadow.mat
  artifactKey: Guid(749b9069dc4742c5bfa5c74644049926) Importer(2089858483,192608db42251d675da83286b1cce702)
Start importing Assets/TextMesh Pro/Examples & Extras/Resources/Fonts & Materials/Anton SDF - Drop Shadow.mat using Guid(749b9069dc4742c5bfa5c74644049926) Importer(2089858483,192608db42251d675da83286b1cce702) (ScriptedImporter)Generated GUIDs only implemented for interfaces!
 -> (artifact id: 'cb74236c39b0207550ab26567b09a4cc') in 0.0241898 seconds
Number of updated asset objects reloaded before import = 0Number of asset objects unloaded after import = 2

========================================================================
Received Import Request.
  Time since last request: 0.000022 seconds.
  path: Assets/TextMesh Pro/Shaders/TMPro_Properties.cginc
  artifactKey: Guid(3997e2241185407d80309a82f9148466) Importer(2089858483,192608db42251d675da83286b1cce702)
Start importing Assets/TextMesh Pro/Shaders/TMPro_Properties.cginc using Guid(3997e2241185407d80309a82f9148466) Importer(2089858483,192608db42251d675da83286b1cce702) (ScriptedImporter)Generated GUIDs only implemented for interfaces!
 -> (artifact id: '539755f8fbf9331413737b4ecbd3392a') in 0.0340393 seconds
Number of updated asset objects reloaded before import = 0Number of asset objects unloaded after import = 1

========================================================================
Received Import Request.
  Time since last request: 0.000269 seconds.
  path: Assets/delusion-font/Delusion-1jPv.ttf
  artifactKey: Guid(77ecf4cc313dbbc49997c413e6285daf) Importer(2089858483,192608db42251d675da83286b1cce702)
Start importing Assets/delusion-font/Delusion-1jPv.ttf using Guid(77ecf4cc313dbbc49997c413e6285daf) Importer(2089858483,192608db42251d675da83286b1cce702) (ScriptedImporter)Generated GUIDs only implemented for interfaces!
 -> (artifact id: 'd20b62b98f2612fe3ee8e150ffe323ba') in 0.0293102 seconds
Number of updated asset objects reloaded before import = 0Number of asset objects unloaded after import = 3

========================================================================
Received Import Request.
  Time since last request: 0.000031 seconds.
  path: Assets/Realistic_bloody_pumping_magical_human_heart_02261604_fbx/texture_0.png
  artifactKey: Guid(a09fa47b3e9aac94c8a82b7e6c346fbd) Importer(2089858483,192608db42251d675da83286b1cce702)
Start importing Assets/Realistic_bloody_pumping_magical_human_heart_02261604_fbx/texture_0.png using Guid(a09fa47b3e9aac94c8a82b7e6c346fbd) Importer(2089858483,192608db42251d675da83286b1cce702) (ScriptedImporter)Generated GUIDs only implemented for interfaces!
 -> (artifact id: 'efe7e1bdaf8ca910d17050575c506d97') in 0.0564501 seconds
Number of updated asset objects reloaded before import = 0Number of asset objects unloaded after import = 1

========================================================================
Received Prepare
Refreshing native plugins compatible for Editor in 3.32 ms, found 3 plugins.
Preloading 0 native plugins for Editor in 0.00 ms.
Unloading 72 Unused Serialized files (Serialized files now loaded: 0)
Unloading 31 unused Assets / (2.6 MB). Loaded Objects now: 6107.
Memory consumption went from 127.0 MB to 124.4 MB.
Total: 41.454200 ms (FindLiveObjects: 0.828700 ms CreateObjectMapping: 0.244700 ms MarkObjects: 38.452200 ms  DeleteObjects: 1.927200 ms)

Prepare: number of updated asset objects reloaded= 0
========================================================================
Received Prepare
Refreshing native plugins compatible for Editor in 1.38 ms, found 3 plugins.
Preloading 0 native plugins for Editor in 0.00 ms.
Unloading 23 Unused Serialized files (Serialized files now loaded: 0)
Unloading 21 unused Assets / (2.6 MB). Loaded Objects now: 6109.
Memory consumption went from 123.1 MB to 120.5 MB.
Total: 24.949600 ms (FindLiveObjects: 0.689200 ms CreateObjectMapping: 0.184900 ms MarkObjects: 22.520600 ms  DeleteObjects: 1.553000 ms)

Prepare: number of updated asset objects reloaded= 1
Editor requested this worker to shutdown with reason: balancing worker count downwards
AssetImportWorker is now disconnected from the server
Process exiting
Exiting without the bug reporter. Application will terminate with return code 0